[15:15:18] [main/INFO]: ModLauncher running: args [--launchTarget, forgeserver, --fml.forgeVersion, 37.1.1, --fml.mcVersion, 1.17.1, --fml.forgeGroup, net.minecraftforge, --fml.mcpVersion, 20210706.113038, nogui]
[15:15:18] [main/INFO]: ModLauncher 9.0.7+91+master.8569cdf starting: java version 17.0.14 by Ubuntu
[15:15:18] [main/ERROR]: Zip Error when loading jar file /workspaces/server-factory/servidor_minecraft/mods/BiomesOPlenty-1.17.1-14.0.0.43-universal.jar
java.util.zip.ZipException: zip END header not found
	at java.util.zip.ZipFile$Source.findEND(ZipFile.java:1637) ~[?:?]
	at java.util.zip.ZipFile$Source.initCEN(ZipFile.java:1645) ~[?:?]
	at java.util.zip.ZipFile$Source.<init>(ZipFile.java:1483) ~[?:?]
	at java.util.zip.ZipFile$Source.get(ZipFile.java:1445) ~[?:?]
	at java.util.zip.ZipFile$CleanableResource.<init>(ZipFile.java:717) ~[?:?]
	at java.util.zip.ZipFile.<init>(ZipFile.java:251) ~[?:?]
	at java.util.zip.ZipFile.<init>(ZipFile.java:180) ~[?:?]
	at java.util.zip.ZipFile.<init>(ZipFile.java:194) ~[?:?]
	at net.minecraftforge.fml.loading.ModDirTransformerDiscoverer.visitFile(ModDirTransformerDiscoverer.java:66) ~[fmlloader-1.17.1-37.1.1.jar%2323!:1.0]
	at java.util.stream.ForEachOps$ForEachOp$OfRef.accept(ForEachOps.java:183) ~[?:?]
	at java.util.stream.ReferencePipeline$3$1.accept(ReferencePipeline.java:197) ~[?:?]
	at java.util.Iterator.forEachRemaining(Iterator.java:133) ~[?:?]
	at java.util.Spliterators$IteratorSpliterator.forEachRemaining(Spliterators.java:1845) ~[?:?]
	at java.util.stream.AbstractPipeline.copyInto(AbstractPipeline.java:509) ~[?:?]
	at java.util.stream.AbstractPipeline.wrapAndCopyInto(AbstractPipeline.java:499) ~[?:?]
	at java.util.stream.ForEachOps$ForEachOp.evaluateSequential(ForEachOps.java:150) ~[?:?]
	at java.util.stream.ForEachOps$ForEachOp$OfRef.evaluateSequential(ForEachOps.java:173) ~[?:?]
	at java.util.stream.AbstractPipeline.evaluate(AbstractPipeline.java:234) ~[?:?]
	at java.util.stream.ReferencePipeline.forEach(ReferencePipeline.java:596) ~[?:?]
	at net.minecraftforge.fml.loading.ModDirTransformerDiscoverer.scan(ModDirTransformerDiscoverer.java:56) ~[fmlloader-1.17.1-37.1.1.jar%2323!:1.0]
	at net.minecraftforge.fml.loading.ModDirTransformerDiscoverer.candidates(ModDirTransformerDiscoverer.java:39) ~[fmlloader-1.17.1-37.1.1.jar%2323!:1.0]
	at cpw.mods.modlauncher.TransformationServicesHandler.lambda$discoverServices$14(TransformationServicesHandler.java:124) ~[modlauncher-9.0.7.jar%235!:?]
	at java.util.stream.ReferencePipeline$3$1.accept(ReferencePipeline.java:197) [?:?]
	at java.util.stream.ReferencePipeline$2$1.accept(ReferencePipeline.java:179) [?:?]
	at java.util.stream.ReferencePipeline$3$1.accept(ReferencePipeline.java:197) [?:?]
	at java.util.ServiceLoader$ProviderSpliterator.tryAdvance(ServiceLoader.java:1499) [?:?]
	at java.util.Spliterator.forEachRemaining(Spliterator.java:332) [?:?]
	at java.util.stream.AbstractPipeline.copyInto(AbstractPipeline.java:509) [?:?]
	at java.util.stream.AbstractPipeline.wrapAndCopyInto(AbstractPipeline.java:499) [?:?]
	at java.util.stream.AbstractPipeline.evaluate(AbstractPipeline.java:575) [?:?]
	at java.util.stream.AbstractPipeline.evaluateToArrayNode(AbstractPipeline.java:260) [?:?]
	at java.util.stream.ReferencePipeline.toArray(ReferencePipeline.java:616) [?:?]
	at java.util.stream.ReferencePipeline.toArray(ReferencePipeline.java:622) [?:?]
	at java.util.stream.ReferencePipeline.toList(ReferencePipeline.java:627) [?:?]
	at cpw.mods.modlauncher.TransformationServicesHandler.discoverServices(TransformationServicesHandler.java:126) [modlauncher-9.0.7.jar%235!:?]
	at cpw.mods.modlauncher.Launcher.run(Launcher.java:86) [modlauncher-9.0.7.jar%235!:?]
	at cpw.mods.modlauncher.Launcher.main(Launcher.java:77) [modlauncher-9.0.7.jar%235!:?]
	at cpw.mods.modlauncher.BootstrapLaunchConsumer.accept(BootstrapLaunchConsumer.java:26) [modlauncher-9.0.7.jar%235!:?]
	at cpw.mods.modlauncher.BootstrapLaunchConsumer.accept(BootstrapLaunchConsumer.java:23) [modlauncher-9.0.7.jar%235!:?]
	at cpw.mods.bootstraplauncher.BootstrapLauncher.main(BootstrapLauncher.java:90) [bootstraplauncher-0.1.17.jar:?]
[15:15:18] [main/INFO]: SpongePowered MIXIN Subsystem Version=0.8.4 Source=union:/workspaces/server-factory/servidor_minecraft/libraries/org/spongepowered/mixin/0.8.4/mixin-0.8.4.jar%2319! Service=ModLauncher Env=SERVER
